[debug] [2020-03-26T21:16:08.944Z] ----------------------------------------------------------------------
[debug] [2020-03-26T21:16:08.947Z] Command:       C:\Program Files\nodejs\node.exe C:\Users\suportedsk.tiagop\AppData\Roaming\npm\node_modules\firebase-tools\lib\bin\firebase.js init
[debug] [2020-03-26T21:16:08.947Z] CLI Version:   7.14.0
[debug] [2020-03-26T21:16:08.947Z] Platform:      win32
[debug] [2020-03-26T21:16:08.947Z] Node Version:  v13.10.1
[debug] [2020-03-26T21:16:08.949Z] Time:          Thu Mar 26 2020 18:16:08 GMT-0300 (Horário Padrão de Brasília)
[debug] [2020-03-26T21:16:08.949Z] ----------------------------------------------------------------------
[debug] [2020-03-26T21:16:08.949Z] 
[debug] [2020-03-26T21:16:08.962Z] > command requires scopes: ["email","openid","https://www.googleapis.com/auth/cloudplatformprojects.readonly","https://www.googleapis.com/auth/firebase","https://www.googleapis.com/auth/cloud-platform"]
[debug] [2020-03-26T21:16:08.963Z] > authorizing via signed-in user
[info] 
     ######## #### ########  ######## ########     ###     ######  ########
     ##        ##  ##     ## ##       ##     ##  ##   ##  ##       ##
     ######    ##  ########  ######   ########  #########  ######  ######
     ##        ##  ##    ##  ##       ##     ## ##     ##       ## ##
     ##       #### ##     ## ######## ########  ##     ##  ######  ########

You're about to initialize a Firebase project in this directory:

  C:\Users\suportedsk.tiagop\Desktop\SemanaOmniStack\be-the-hero\backend

[debug] [2020-03-26T21:18:14.812Z] ----------------------------------------------------------------------
[debug] [2020-03-26T21:18:14.815Z] Command:       C:\Program Files\nodejs\node.exe C:\Users\suportedsk.tiagop\AppData\Roaming\npm\node_modules\firebase-tools\lib\bin\firebase.js init
[debug] [2020-03-26T21:18:14.815Z] CLI Version:   7.14.0
[debug] [2020-03-26T21:18:14.815Z] Platform:      win32
[debug] [2020-03-26T21:18:14.815Z] Node Version:  v13.10.1
[debug] [2020-03-26T21:18:14.817Z] Time:          Thu Mar 26 2020 18:18:14 GMT-0300 (Horário Padrão de Brasília)
[debug] [2020-03-26T21:18:14.817Z] ----------------------------------------------------------------------
[debug] [2020-03-26T21:18:14.817Z] 
[debug] [2020-03-26T21:18:14.826Z] > command requires scopes: ["email","openid","https://www.googleapis.com/auth/cloudplatformprojects.readonly","https://www.googleapis.com/auth/firebase","https://www.googleapis.com/auth/cloud-platform"]
[debug] [2020-03-26T21:18:14.827Z] > authorizing via signed-in user
[info] 
     ######## #### ########  ######## ########     ###     ######  ########
     ##        ##  ##     ## ##       ##     ##  ##   ##  ##       ##
     ######    ##  ########  ######   ########  #########  ######  ######
     ##        ##  ##    ##  ##       ##     ## ##     ##       ## ##
     ##       #### ##     ## ######## ########  ##     ##  ######  ########

You're about to initialize a Firebase project in this directory:

  C:\Users\suportedsk.tiagop\Desktop\SemanaOmniStack\be-the-hero\backend

[info] 
=== Project Setup
[info] 
[info] First, let's associate this project directory with a Firebase project.
[info] You can create multiple project aliases by running firebase use --add, 
[info] but for now we'll just set up a default project.
[info] 
[debug] [2020-03-26T21:18:26.099Z] > refreshing access token with scopes: ["email","https://www.googleapis.com/auth/cloud-platform","https://www.googleapis.com/auth/cloudplatformprojects.readonly","https://www.googleapis.com/auth/firebase","openid"]
[debug] [2020-03-26T21:18:26.099Z] >>> HTTP REQUEST POST https://www.googleapis.com/oauth2/v3/token  
 <request body omitted>
[debug] [2020-03-26T21:18:26.441Z] <<< HTTP RESPONSE 200
[debug] [2020-03-26T21:18:26.514Z] >>> HTTP REQUEST GET https://firebase.googleapis.com/v1beta1/projects?pageSize=100  
 
[debug] [2020-03-26T21:18:27.983Z] <<< HTTP RESPONSE 200
[info] i  Using project be-the-hero-93d9e (be-the-hero)
[info] 
=== Hosting Setup
[info] 
[info] Your public directory is the folder (relative to your project directory) that
[info] will contain Hosting assets to be uploaded with firebase deploy. If you
[info] have a build process for your assets, use your build's output directory.
[info] 
[debug] [2020-03-26T21:18:47.855Z] Error: kill ENOSYS
    at process.kill (internal/process/per_thread.js:198:13)
    at process.listener (C:\Users\suportedsk.tiagop\AppData\Roaming\npm\node_modules\firebase-tools\node_modules\signal-exit\index.js:95:15)
    at process.emit (events.js:316:20)
[error] 
[error] Error: An unexpected error has occurred.
